0 info it worked if it ends with ok
1 verbose cli [ '/Users/ycao2/.nvm/versions/node/v0.12.2/bin/node',
1 verbose cli   '/Users/ycao2/.nvm/versions/node/v0.12.2/bin/npm',
1 verbose cli   'run',
1 verbose cli   'client' ]
2 info using npm@2.7.4
3 info using node@v0.12.2
4 verbose run-script [ 'preclient', 'client', 'postclient' ]
5 info preclient project-nodejs-dropbox@1.0.0
6 info client project-nodejs-dropbox@1.0.0
7 verbose unsafe-perm in lifecycle true
8 info project-nodejs-dropbox@1.0.0 Failed to exec client script
9 verbose stack Error: project-nodejs-dropbox@1.0.0 client: `babel-node --stage 1 -- tcpClient.js`
9 verbose stack Exit status 1
9 verbose stack     at EventEmitter.<anonymous> (/Users/ycao2/.nvm/versions/node/v0.12.2/lib/node_modules/npm/lib/utils/lifecycle.js:213:16)
9 verbose stack     at EventEmitter.emit (events.js:110:17)
9 verbose stack     at ChildProcess.<anonymous> (/Users/ycao2/.nvm/versions/node/v0.12.2/lib/node_modules/npm/lib/utils/spawn.js:14:12)
9 verbose stack     at ChildProcess.emit (events.js:110:17)
9 verbose stack     at maybeClose (child_process.js:1015:16)
9 verbose stack     at Process.ChildProcess._handle.onexit (child_process.js:1087:5)
10 verbose pkgid project-nodejs-dropbox@1.0.0
11 verbose cwd /Users/ycao2/walmart/github/codepath-nodejs/nodejs-dropbox
12 error Darwin 14.1.0
13 error argv "/Users/ycao2/.nvm/versions/node/v0.12.2/bin/node" "/Users/ycao2/.nvm/versions/node/v0.12.2/bin/npm" "run" "client"
14 error node v0.12.2
15 error npm  v2.7.4
16 error code ELIFECYCLE
17 error project-nodejs-dropbox@1.0.0 client: `babel-node --stage 1 -- tcpClient.js`
17 error Exit status 1
18 error Failed at the project-nodejs-dropbox@1.0.0 client script 'babel-node --stage 1 -- tcpClient.js'.
18 error This is most likely a problem with the project-nodejs-dropbox package,
18 error not with npm itself.
18 error Tell the author that this fails on your system:
18 error     babel-node --stage 1 -- tcpClient.js
18 error You can get their info via:
18 error     npm owner ls project-nodejs-dropbox
18 error There is likely additional logging output above.
19 verbose exit [ 1, true ]
